<?xml version="1.0" encoding="UTF-8"?>
<coverage generated="1689730906544" clover="3.2.0">
  <project timestamp="1689730906544" name="All files">
    <metrics statements="12" coveredstatements="12" conditionals="5" coveredconditionals="4" methods="2" coveredmethods="2" elements="19" coveredelements="18" complexity="0" loc="12" ncloc="12" packages="1" files="2" classes="2"/>
    <file name="createTask.js" path="C:\xampp\htdocs\applications\microverse\curriculum\week_7\ToDoList_final_14_05_2023\final_submitted\To-do-list\__mock__\createTask.js">
      <metrics statements="7" coveredstatements="7" conditionals="4" coveredconditionals="3" methods="1" coveredmethods="1"/>
      <line num="4" count="1" type="stmt"/>
      <line num="7" count="2" type="cond" truecount="2" falsecount="0"/>
      <line num="8" count="1" type="stmt"/>
      <line num="9" count="1" type="cond" truecount="1" falsecount="1"/>
      <line num="10" count="1" type="stmt"/>
      <line num="11" count="1" type="stmt"/>
      <line num="13" count="1" type="stmt"/>
    </file>
    <file name="tasks.js" path="C:\xampp\htdocs\applications\microverse\curriculum\week_7\ToDoList_final_14_05_2023\final_submitted\To-do-list\__mock__\tasks.js">
      <metrics statements="5" coveredstatements="5" conditionals="1" coveredconditionals="1" methods="1" coveredmethods="1"/>
      <line num="3" count="2" type="stmt"/>
      <line num="4" count="2" type="stmt"/>
      <line num="5" count="2" type="stmt"/>
      <line num="9" count="1" type="stmt"/>
      <line num="11" count="1" type="stmt"/>
    </file>
  </project>
</coverage>
