{"C:\\xampp\\htdocs\\applications\\microverse\\curriculum\\week_7\\ToDoList_final_14_05_2023\\final_submitted\\To-do-list\\__mock__\\checkCompletedTask.js": {"path":"C:\\xampp\\htdocs\\applications\\microverse\\curriculum\\week_7\\ToDoList_final_14_05_2023\\final_submitted\\To-do-list\\__mock__\\checkCompletedTask.js","statementMap":{"0":{"start":{"line":1,"column":30},"end":{"line":8,"column":3}},"1":{"start":{"line":2,"column":27},"end":{"line":2,"column":58}},"2":{"start":{"line":3,"column":4},"end":{"line":3,"column":52}},"3":{"start":{"line":4,"column":4},"end":{"line":4,"column":61}},"4":{"start":{"line":5,"column":4},"end":{"line":5,"column":67}},"5":{"start":{"line":6,"column":4},"end":{"line":6,"column":44}},"6":{"start":{"line":7,"column":4},"end":{"line":7,"column":26}},"7":{"start":{"line":10,"column":40},"end":{"line":15,"column":3}},"8":{"start":{"line":11,"column":4},"end":{"line":14,"column":7}},"9":{"start":{"line":12,"column":6},"end":{"line":12,"column":53}},"10":{"start":{"line":17,"column":31},"end":{"line":26,"column":3}},"11":{"start":{"line":18,"column":19},"end":{"line":18,"column":26}},"12":{"start":{"line":19,"column":21},"end":{"line":19,"column":49}},"13":{"start":{"line":20,"column":4},"end":{"line":20,"column":55}},"14":{"start":{"line":21,"column":4},"end":{"line":21,"column":54}},"15":{"start":{"line":23,"column":27},"end":{"line":23,"column":50}},"16":{"start":{"line":25,"column":4},"end":{"line":25,"column":49}}},"fnMap":{"0":{"name":"(anonymous_0)","decl":{"start":{"line":1,"column":30},"end":{"line":1,"column":31}},"loc":{"start":{"line":1,"column":40},"end":{"line":8,"column":3}},"line":1},"1":{"name":"(anonymous_1)","decl":{"start":{"line":10,"column":40},"end":{"line":10,"column":41}},"loc":{"start":{"line":10,"column":73},"end":{"line":15,"column":3}},"line":10},"2":{"name":"(anonymous_2)","decl":{"start":{"line":11,"column":53},"end":{"line":11,"column":54}},"loc":{"start":{"line":11,"column":59},"end":{"line":14,"column":5}},"line":11},"3":{"name":"(anonymous_3)","decl":{"start":{"line":17,"column":31},"end":{"line":17,"column":32}},"loc":{"start":{"line":17,"column":41},"end":{"line":26,"column":3}},"line":17}},"branchMap":{},"s":{"0":1,"1":3,"2":3,"3":3,"4":3,"5":3,"6":3,"7":1,"8":1,"9":0,"10":1,"11":1,"12":1,"13":1,"14":1,"15":1,"16":1},"f":{"0":3,"1":1,"2":0,"3":1},"b":{},"_coverageSchema":"1a1c01bbd47fc00a2c39e90264f33305004495a9","hash":"06487556f881b2ceced5c2861a3948f2392ebf64"}
,"C:\\xampp\\htdocs\\applications\\microverse\\curriculum\\week_7\\ToDoList_final_14_05_2023\\final_submitted\\To-do-list\\__mock__\\createTask.js": {"path":"C:\\xampp\\htdocs\\applications\\microverse\\curriculum\\week_7\\ToDoList_final_14_05_2023\\final_submitted\\To-do-list\\__mock__\\createTask.js","statementMap":{"0":{"start":{"line":3,"column":19},"end":{"line":15,"column":1}},"1":{"start":{"line":6,"column":2},"end":{"line":8,"column":3}},"2":{"start":{"line":7,"column":4},"end":{"line":7,"column":56}},"3":{"start":{"line":8,"column":4},"end":{"line":13,"column":3}},"4":{"start":{"line":9,"column":17},"end":{"line":9,"column":44}},"5":{"start":{"line":10,"column":25},"end":{"line":10,"column":41}},"6":{"start":{"line":12,"column":4},"end":{"line":12,"column":24}},"7":{"start":{"line":14,"column":2},"end":{"line":14,"column":14}}},"fnMap":{"0":{"name":"(anonymous_0)","decl":{"start":{"line":3,"column":19},"end":{"line":3,"column":20}},"loc":{"start":{"line":3,"column":42},"end":{"line":15,"column":1}},"line":3}},"branchMap":{"0":{"loc":{"start":{"line":6,"column":2},"end":{"line":8,"column":3}},"type":"if","locations":[{"start":{"line":6,"column":2},"end":{"line":8,"column":3}},{"start":{},"end":{}}],"line":6},"1":{"loc":{"start":{"line":8,"column":4},"end":{"line":13,"column":3}},"type":"if","locations":[{"start":{"line":8,"column":4},"end":{"line":13,"column":3}},{"start":{},"end":{}}],"line":8}},"s":{"0":1,"1":2,"2":1,"3":1,"4":1,"5":1,"6":1,"7":0},"f":{"0":2},"b":{"0":[1,1],"1":[1,0]},"_coverageSchema":"1a1c01bbd47fc00a2c39e90264f33305004495a9","hash":"4fdd1eb82bdd82a45c7c2a3355dbb64925d52af6"}
,"C:\\xampp\\htdocs\\applications\\microverse\\curriculum\\week_7\\ToDoList_final_14_05_2023\\final_submitted\\To-do-list\\__mock__\\deleteCompletedTasks.js": {"path":"C:\\xampp\\htdocs\\applications\\microverse\\curriculum\\week_7\\ToDoList_final_14_05_2023\\final_submitted\\To-do-list\\__mock__\\deleteCompletedTasks.js","statementMap":{"0":{"start":{"line":4,"column":29},"end":{"line":10,"column":1}},"1":{"start":{"line":5,"column":26},"end":{"line":5,"column":65}},"2":{"start":{"line":5,"column":49},"end":{"line":5,"column":64}},"3":{"start":{"line":6,"column":2},"end":{"line":6,"column":19}},"4":{"start":{"line":7,"column":2},"end":{"line":7,"column":33}},"5":{"start":{"line":8,"column":2},"end":{"line":8,"column":55}}},"fnMap":{"0":{"name":"(anonymous_0)","decl":{"start":{"line":4,"column":29},"end":{"line":4,"column":30}},"loc":{"start":{"line":4,"column":35},"end":{"line":10,"column":1}},"line":4},"1":{"name":"(anonymous_1)","decl":{"start":{"line":5,"column":39},"end":{"line":5,"column":40}},"loc":{"start":{"line":5,"column":49},"end":{"line":5,"column":64}},"line":5}},"branchMap":{},"s":{"0":1,"1":1,"2":5,"3":1,"4":1,"5":1},"f":{"0":1,"1":5},"b":{},"_coverageSchema":"1a1c01bbd47fc00a2c39e90264f33305004495a9","hash":"d0c663fcd39826510a4d72dee986bf11a690d1fa"}
,"C:\\xampp\\htdocs\\applications\\microverse\\curriculum\\week_7\\ToDoList_final_14_05_2023\\final_submitted\\To-do-list\\__mock__\\deleteTask.js": {"path":"C:\\xampp\\htdocs\\applications\\microverse\\curriculum\\week_7\\ToDoList_final_14_05_2023\\final_submitted\\To-do-list\\__mock__\\deleteTask.js","statementMap":{"0":{"start":{"line":3,"column":26},"end":{"line":3,"column":38}},"1":{"start":{"line":4,"column":26},"end":{"line":12,"column":1}},"2":{"start":{"line":5,"column":20},"end":{"line":5,"column":60}},"3":{"start":{"line":5,"column":43},"end":{"line":5,"column":59}},"4":{"start":{"line":6,"column":2},"end":{"line":10,"column":3}},"5":{"start":{"line":7,"column":25},"end":{"line":7,"column":35}},"6":{"start":{"line":8,"column":4},"end":{"line":8,"column":38}},"7":{"start":{"line":9,"column":4},"end":{"line":9,"column":24}},"8":{"start":{"line":11,"column":2},"end":{"line":11,"column":15}}},"fnMap":{"0":{"name":"(anonymous_0)","decl":{"start":{"line":4,"column":26},"end":{"line":4,"column":27}},"loc":{"start":{"line":4,"column":43},"end":{"line":12,"column":1}},"line":4},"1":{"name":"(anonymous_1)","decl":{"start":{"line":5,"column":36},"end":{"line":5,"column":37}},"loc":{"start":{"line":5,"column":43},"end":{"line":5,"column":59}},"line":5}},"branchMap":{"0":{"loc":{"start":{"line":6,"column":2},"end":{"line":10,"column":3}},"type":"if","locations":[{"start":{"line":6,"column":2},"end":{"line":10,"column":3}},{"start":{},"end":{}}],"line":6}},"s":{"0":1,"1":1,"2":1,"3":1,"4":1,"5":1,"6":1,"7":1,"8":0},"f":{"0":1,"1":1},"b":{"0":[1,0]},"_coverageSchema":"1a1c01bbd47fc00a2c39e90264f33305004495a9","hash":"606dc489c4e1f277d42059376f8b5c5575fb7f28"}
,"C:\\xampp\\htdocs\\applications\\microverse\\curriculum\\week_7\\ToDoList_final_14_05_2023\\final_submitted\\To-do-list\\__mock__\\tasks.js": {"path":"C:\\xampp\\htdocs\\applications\\microverse\\curriculum\\week_7\\ToDoList_final_14_05_2023\\final_submitted\\To-do-list\\__mock__\\tasks.js","statementMap":{"0":{"start":{"line":3,"column":4},"end":{"line":3,"column":35}},"1":{"start":{"line":4,"column":4},"end":{"line":4,"column":31}},"2":{"start":{"line":5,"column":4},"end":{"line":5,"column":17}},"3":{"start":{"line":9,"column":20},"end":{"line":9,"column":30}},"4":{"start":{"line":11,"column":21},"end":{"line":37,"column":1}}},"fnMap":{"0":{"name":"(anonymous_0)","decl":{"start":{"line":2,"column":2},"end":{"line":2,"column":3}},"loc":{"start":{"line":2,"column":50},"end":{"line":6,"column":3}},"line":2}},"branchMap":{"0":{"loc":{"start":{"line":2,"column":27},"end":{"line":2,"column":44}},"type":"default-arg","locations":[{"start":{"line":2,"column":39},"end":{"line":2,"column":44}}],"line":2}},"s":{"0":3,"1":3,"2":3,"3":2,"4":2},"f":{"0":3},"b":{"0":[3]},"_coverageSchema":"1a1c01bbd47fc00a2c39e90264f33305004495a9","hash":"c1cc94a33739fb7ac2d68cef03c61c335413ebb5"}
}
