{"C:\\xampp\\htdocs\\applications\\microverse\\curriculum\\week_7\\ToDoList_final_14_05_2023\\final_submitted\\To-do-list\\__mock__\\Tasks.js": {"path":"C:\\xampp\\htdocs\\applications\\microverse\\curriculum\\week_7\\ToDoList_final_14_05_2023\\final_submitted\\To-do-list\\__mock__\\Tasks.js","statementMap":{"0":{"start":{"line":3,"column":4},"end":{"line":3,"column":35}},"1":{"start":{"line":4,"column":4},"end":{"line":4,"column":31}},"2":{"start":{"line":5,"column":4},"end":{"line":5,"column":17}},"3":{"start":{"line":9,"column":20},"end":{"line":9,"column":30}},"4":{"start":{"line":11,"column":21},"end":{"line":37,"column":1}}},"fnMap":{"0":{"name":"(anonymous_0)","decl":{"start":{"line":2,"column":2},"end":{"line":2,"column":3}},"loc":{"start":{"line":2,"column":50},"end":{"line":6,"column":3}},"line":2}},"branchMap":{"0":{"loc":{"start":{"line":2,"column":27},"end":{"line":2,"column":44}},"type":"default-arg","locations":[{"start":{"line":2,"column":39},"end":{"line":2,"column":44}}],"line":2}},"s":{"0":4,"1":4,"2":4,"3":2,"4":2},"f":{"0":4},"b":{"0":[4]},"_coverageSchema":"1a1c01bbd47fc00a2c39e90264f33305004495a9","hash":"791ae6e90d4b4c240c0896d1d2fabed0dc1533ae"}
,"C:\\xampp\\htdocs\\applications\\microverse\\curriculum\\week_7\\ToDoList_final_14_05_2023\\final_submitted\\To-do-list\\__mock__\\TasksList.js": {"path":"C:\\xampp\\htdocs\\applications\\microverse\\curriculum\\week_7\\ToDoList_final_14_05_2023\\final_submitted\\To-do-list\\__mock__\\TasksList.js","statementMap":{"0":{"start":{"line":4,"column":21},"end":{"line":4,"column":55}},"1":{"start":{"line":5,"column":0},"end":{"line":5,"column":35}},"2":{"start":{"line":10,"column":4},"end":{"line":10,"column":20}},"3":{"start":{"line":11,"column":4},"end":{"line":11,"column":36}},"4":{"start":{"line":12,"column":4},"end":{"line":12,"column":21}},"5":{"start":{"line":13,"column":4},"end":{"line":13,"column":36}},"6":{"start":{"line":17,"column":24},"end":{"line":17,"column":55}},"7":{"start":{"line":18,"column":4},"end":{"line":22,"column":5}},"8":{"start":{"line":19,"column":6},"end":{"line":21,"column":8}},"9":{"start":{"line":20,"column":18},"end":{"line":20,"column":69}},"10":{"start":{"line":23,"column":4},"end":{"line":23,"column":22}},"11":{"start":{"line":27,"column":4},"end":{"line":27,"column":64}},"12":{"start":{"line":31,"column":26},"end":{"line":31,"column":54}},"13":{"start":{"line":32,"column":14},"end":{"line":32,"column":57}},"14":{"start":{"line":33,"column":13},"end":{"line":33,"column":32}}},"fnMap":{"0":{"name":"(anonymous_0)","decl":{"start":{"line":9,"column":2},"end":{"line":9,"column":3}},"loc":{"start":{"line":9,"column":20},"end":{"line":14,"column":3}},"line":9},"1":{"name":"(anonymous_1)","decl":{"start":{"line":16,"column":2},"end":{"line":16,"column":3}},"loc":{"start":{"line":16,"column":29},"end":{"line":24,"column":3}},"line":16},"2":{"name":"(anonymous_2)","decl":{"start":{"line":20,"column":8},"end":{"line":20,"column":9}},"loc":{"start":{"line":20,"column":18},"end":{"line":20,"column":69}},"line":20},"3":{"name":"(anonymous_3)","decl":{"start":{"line":26,"column":2},"end":{"line":26,"column":3}},"loc":{"start":{"line":26,"column":28},"end":{"line":28,"column":3}},"line":26}},"branchMap":{"0":{"loc":{"start":{"line":18,"column":4},"end":{"line":22,"column":5}},"type":"if","locations":[{"start":{"line":18,"column":4},"end":{"line":22,"column":5}},{"start":{},"end":{}}],"line":18},"1":{"loc":{"start":{"line":32,"column":14},"end":{"line":32,"column":57}},"type":"binary-expr","locations":[{"start":{"line":32,"column":14},"end":{"line":32,"column":51}},{"start":{"line":32,"column":55},"end":{"line":32,"column":57}}],"line":32}},"s":{"0":1,"1":1,"2":1,"3":1,"4":1,"5":1,"6":2,"7":2,"8":2,"9":0,"10":2,"11":3,"12":1,"13":1,"14":1},"f":{"0":1,"1":2,"2":0,"3":3},"b":{"0":[2,0],"1":[1,0]},"_coverageSchema":"1a1c01bbd47fc00a2c39e90264f33305004495a9","hash":"bbbfeac8b049e7bdcfaaa0a88c0b1398b6139877"}
,"C:\\xampp\\htdocs\\applications\\microverse\\curriculum\\week_7\\ToDoList_final_14_05_2023\\final_submitted\\To-do-list\\__mock__\\checkCompletedTask.js": {"path":"C:\\xampp\\htdocs\\applications\\microverse\\curriculum\\week_7\\ToDoList_final_14_05_2023\\final_submitted\\To-do-list\\__mock__\\checkCompletedTask.js","statementMap":{"0":{"start":{"line":1,"column":30},"end":{"line":8,"column":1}},"1":{"start":{"line":2,"column":25},"end":{"line":2,"column":56}},"2":{"start":{"line":3,"column":2},"end":{"line":3,"column":50}},"3":{"start":{"line":4,"column":2},"end":{"line":4,"column":59}},"4":{"start":{"line":5,"column":2},"end":{"line":5,"column":65}},"5":{"start":{"line":6,"column":2},"end":{"line":6,"column":42}},"6":{"start":{"line":7,"column":2},"end":{"line":7,"column":24}},"7":{"start":{"line":10,"column":38},"end":{"line":15,"column":1}},"8":{"start":{"line":11,"column":2},"end":{"line":14,"column":5}},"9":{"start":{"line":12,"column":4},"end":{"line":12,"column":51}},"10":{"start":{"line":17,"column":29},"end":{"line":26,"column":1}},"11":{"start":{"line":18,"column":17},"end":{"line":18,"column":24}},"12":{"start":{"line":19,"column":19},"end":{"line":19,"column":47}},"13":{"start":{"line":20,"column":2},"end":{"line":20,"column":53}},"14":{"start":{"line":21,"column":2},"end":{"line":21,"column":52}},"15":{"start":{"line":23,"column":25},"end":{"line":23,"column":48}},"16":{"start":{"line":25,"column":2},"end":{"line":25,"column":47}}},"fnMap":{"0":{"name":"(anonymous_0)","decl":{"start":{"line":1,"column":30},"end":{"line":1,"column":31}},"loc":{"start":{"line":1,"column":40},"end":{"line":8,"column":1}},"line":1},"1":{"name":"(anonymous_1)","decl":{"start":{"line":10,"column":38},"end":{"line":10,"column":39}},"loc":{"start":{"line":10,"column":71},"end":{"line":15,"column":1}},"line":10},"2":{"name":"(anonymous_2)","decl":{"start":{"line":11,"column":51},"end":{"line":11,"column":52}},"loc":{"start":{"line":11,"column":57},"end":{"line":14,"column":3}},"line":11},"3":{"name":"(anonymous_3)","decl":{"start":{"line":17,"column":29},"end":{"line":17,"column":30}},"loc":{"start":{"line":17,"column":39},"end":{"line":26,"column":1}},"line":17}},"branchMap":{},"s":{"0":1,"1":3,"2":3,"3":3,"4":3,"5":3,"6":3,"7":1,"8":1,"9":0,"10":1,"11":1,"12":1,"13":1,"14":1,"15":1,"16":1},"f":{"0":3,"1":1,"2":0,"3":1},"b":{},"_coverageSchema":"1a1c01bbd47fc00a2c39e90264f33305004495a9","hash":"5261ddbf79fad949ad628f0fc367a8cedd9431e6"}
,"C:\\xampp\\htdocs\\applications\\microverse\\curriculum\\week_7\\ToDoList_final_14_05_2023\\final_submitted\\To-do-list\\__mock__\\createTask.js": {"path":"C:\\xampp\\htdocs\\applications\\microverse\\curriculum\\week_7\\ToDoList_final_14_05_2023\\final_submitted\\To-do-list\\__mock__\\createTask.js","statementMap":{"0":{"start":{"line":3,"column":19},"end":{"line":15,"column":1}},"1":{"start":{"line":6,"column":2},"end":{"line":8,"column":3}},"2":{"start":{"line":7,"column":4},"end":{"line":7,"column":56}},"3":{"start":{"line":8,"column":4},"end":{"line":13,"column":3}},"4":{"start":{"line":9,"column":17},"end":{"line":9,"column":44}},"5":{"start":{"line":10,"column":25},"end":{"line":10,"column":41}},"6":{"start":{"line":12,"column":4},"end":{"line":12,"column":24}},"7":{"start":{"line":14,"column":2},"end":{"line":14,"column":14}}},"fnMap":{"0":{"name":"(anonymous_0)","decl":{"start":{"line":3,"column":19},"end":{"line":3,"column":20}},"loc":{"start":{"line":3,"column":42},"end":{"line":15,"column":1}},"line":3}},"branchMap":{"0":{"loc":{"start":{"line":6,"column":2},"end":{"line":8,"column":3}},"type":"if","locations":[{"start":{"line":6,"column":2},"end":{"line":8,"column":3}},{"start":{},"end":{}}],"line":6},"1":{"loc":{"start":{"line":8,"column":4},"end":{"line":13,"column":3}},"type":"if","locations":[{"start":{"line":8,"column":4},"end":{"line":13,"column":3}},{"start":{},"end":{}}],"line":8}},"s":{"0":1,"1":2,"2":1,"3":1,"4":1,"5":1,"6":1,"7":0},"f":{"0":2},"b":{"0":[1,1],"1":[1,0]},"_coverageSchema":"1a1c01bbd47fc00a2c39e90264f33305004495a9","hash":"4fdd1eb82bdd82a45c7c2a3355dbb64925d52af6"}
,"C:\\xampp\\htdocs\\applications\\microverse\\curriculum\\week_7\\ToDoList_final_14_05_2023\\final_submitted\\To-do-list\\__mock__\\deleteCompletedTasks.js": {"path":"C:\\xampp\\htdocs\\applications\\microverse\\curriculum\\week_7\\ToDoList_final_14_05_2023\\final_submitted\\To-do-list\\__mock__\\deleteCompletedTasks.js","statementMap":{"0":{"start":{"line":4,"column":29},"end":{"line":10,"column":1}},"1":{"start":{"line":5,"column":26},"end":{"line":5,"column":65}},"2":{"start":{"line":5,"column":49},"end":{"line":5,"column":64}},"3":{"start":{"line":6,"column":2},"end":{"line":6,"column":19}},"4":{"start":{"line":7,"column":2},"end":{"line":7,"column":33}},"5":{"start":{"line":8,"column":2},"end":{"line":8,"column":55}}},"fnMap":{"0":{"name":"(anonymous_0)","decl":{"start":{"line":4,"column":29},"end":{"line":4,"column":30}},"loc":{"start":{"line":4,"column":35},"end":{"line":10,"column":1}},"line":4},"1":{"name":"(anonymous_1)","decl":{"start":{"line":5,"column":39},"end":{"line":5,"column":40}},"loc":{"start":{"line":5,"column":49},"end":{"line":5,"column":64}},"line":5}},"branchMap":{},"s":{"0":1,"1":1,"2":5,"3":1,"4":1,"5":1},"f":{"0":1,"1":5},"b":{},"_coverageSchema":"1a1c01bbd47fc00a2c39e90264f33305004495a9","hash":"d0c663fcd39826510a4d72dee986bf11a690d1fa"}
,"C:\\xampp\\htdocs\\applications\\microverse\\curriculum\\week_7\\ToDoList_final_14_05_2023\\final_submitted\\To-do-list\\__mock__\\deleteTask.js": {"path":"C:\\xampp\\htdocs\\applications\\microverse\\curriculum\\week_7\\ToDoList_final_14_05_2023\\final_submitted\\To-do-list\\__mock__\\deleteTask.js","statementMap":{"0":{"start":{"line":3,"column":26},"end":{"line":3,"column":38}},"1":{"start":{"line":4,"column":26},"end":{"line":12,"column":1}},"2":{"start":{"line":5,"column":20},"end":{"line":5,"column":60}},"3":{"start":{"line":5,"column":43},"end":{"line":5,"column":59}},"4":{"start":{"line":6,"column":2},"end":{"line":10,"column":3}},"5":{"start":{"line":7,"column":25},"end":{"line":7,"column":35}},"6":{"start":{"line":8,"column":4},"end":{"line":8,"column":38}},"7":{"start":{"line":9,"column":4},"end":{"line":9,"column":24}},"8":{"start":{"line":11,"column":2},"end":{"line":11,"column":15}}},"fnMap":{"0":{"name":"(anonymous_0)","decl":{"start":{"line":4,"column":26},"end":{"line":4,"column":27}},"loc":{"start":{"line":4,"column":43},"end":{"line":12,"column":1}},"line":4},"1":{"name":"(anonymous_1)","decl":{"start":{"line":5,"column":36},"end":{"line":5,"column":37}},"loc":{"start":{"line":5,"column":43},"end":{"line":5,"column":59}},"line":5}},"branchMap":{"0":{"loc":{"start":{"line":6,"column":2},"end":{"line":10,"column":3}},"type":"if","locations":[{"start":{"line":6,"column":2},"end":{"line":10,"column":3}},{"start":{},"end":{}}],"line":6}},"s":{"0":1,"1":1,"2":1,"3":1,"4":1,"5":1,"6":1,"7":1,"8":0},"f":{"0":1,"1":1},"b":{"0":[1,0]},"_coverageSchema":"1a1c01bbd47fc00a2c39e90264f33305004495a9","hash":"606dc489c4e1f277d42059376f8b5c5575fb7f28"}
,"C:\\xampp\\htdocs\\applications\\microverse\\curriculum\\week_7\\ToDoList_final_14_05_2023\\final_submitted\\To-do-list\\__mock__\\editTask.js": {"path":"C:\\xampp\\htdocs\\applications\\microverse\\curriculum\\week_7\\ToDoList_final_14_05_2023\\final_submitted\\To-do-list\\__mock__\\editTask.js","statementMap":{"0":{"start":{"line":4,"column":17},"end":{"line":21,"column":1}},"1":{"start":{"line":5,"column":17},"end":{"line":5,"column":24}},"2":{"start":{"line":6,"column":2},"end":{"line":6,"column":55}},"3":{"start":{"line":7,"column":2},"end":{"line":7,"column":50}},"4":{"start":{"line":8,"column":2},"end":{"line":8,"column":46}},"5":{"start":{"line":10,"column":2},"end":{"line":18,"column":3}},"6":{"start":{"line":11,"column":4},"end":{"line":11,"column":48}},"7":{"start":{"line":12,"column":4},"end":{"line":12,"column":27}},"8":{"start":{"line":14,"column":4},"end":{"line":14,"column":41}},"9":{"start":{"line":15,"column":9},"end":{"line":18,"column":3}},"10":{"start":{"line":16,"column":4},"end":{"line":16,"column":27}},"11":{"start":{"line":17,"column":4},"end":{"line":17,"column":41}},"12":{"start":{"line":20,"column":2},"end":{"line":20,"column":28}}},"fnMap":{"0":{"name":"(anonymous_0)","decl":{"start":{"line":4,"column":17},"end":{"line":4,"column":18}},"loc":{"start":{"line":4,"column":52},"end":{"line":21,"column":1}},"line":4}},"branchMap":{"0":{"loc":{"start":{"line":10,"column":2},"end":{"line":18,"column":3}},"type":"if","locations":[{"start":{"line":10,"column":2},"end":{"line":18,"column":3}},{"start":{"line":15,"column":9},"end":{"line":18,"column":3}}],"line":10},"1":{"loc":{"start":{"line":15,"column":9},"end":{"line":18,"column":3}},"type":"if","locations":[{"start":{"line":15,"column":9},"end":{"line":18,"column":3}},{"start":{},"end":{}}],"line":15}},"s":{"0":1,"1":4,"2":4,"3":4,"4":4,"5":4,"6":2,"7":2,"8":2,"9":2,"10":1,"11":1,"12":4},"f":{"0":4},"b":{"0":[2,2],"1":[1,1]},"_coverageSchema":"1a1c01bbd47fc00a2c39e90264f33305004495a9","hash":"12f0f63ed2f106cf4c83c7d112bbe42b48493c47"}
}
